<?xml version="1.0" encoding="utf-8"?><testsuites name="pytest tests"><testsuite name="pytest" errors="0" failures="0" skipped="0" tests="78" time="31.218" timestamp="2026-09-19T11:33:04.511217+08:00" hostname="ConHeusG"><testcase classname="tests.integration.test_phase1_audit" name="test_phase1_fixture_rebuilds_complete_audit" time="0.705" /><testcase classname="tests.integration.test_phase1_audit" name="test_small_real_shape_fixture_prepares_and_trains_b2_b4_p_and_p2" time="19.335" /><testcase classname="tests.integration.test_smoke_pipeline.SmokePipelineTest" name="test_prepare_train_evaluate" time="0.090" /><testcase classname="tests.integration.test_v2_phase3_fixture" name="test_v2_phase3_train_evaluate_and_a4_derivation" time="2.385" /><testcase classname="tests.integration.test_v2_phase4_fixture" name="test_v2_phase4_new_seed_uses_isolated_identity_and_validation_thresholds" time="3.547" /><testcase classname="tests.unit.test_checkpoint_contract" name="test_checkpoint_contract_mismatch_is_rejected" time="0.002" /><testcase classname="tests.unit.test_demo" name="test_demo_run_directory_is_registered_and_model_limited" time="0.003" /><testcase classname="tests.unit.test_demo" name="test_demo_artifact_validation_fails_closed" time="0.003" /><testcase classname="tests.unit.test_extrasensory" name="test_safe_extract_rejects_zip_slip" time="0.012" /><testcase classname="tests.unit.test_extrasensory" name="test_schema_is_exhaustive_and_exclusive" time="0.008" /><testcase classname="tests.unit.test_extrasensory" name="test_schema_rejects_unmapped_feature" time="0.005" /><testcase classname="tests.unit.test_extrasensory" name="test_schema_rejects_multiple_assignments" time="0.005" /><testcase classname="tests.unit.test_extrasensory" name="test_row_audit_rejects_illegal_label" time="0.016" /><testcase classname="tests.unit.test_extrasensory" name="test_row_audit_rejects_duplicate_timestamp" time="0.010" /><testcase classname="tests.unit.test_extrasensory" name="test_fold_parser_rejects_empty_component" time="0.017" /><testcase classname="tests.unit.test_losses.MaskedLossTest" name="test_all_unknown_is_rejected" time="0.001" /><testcase classname="tests.unit.test_losses.MaskedLossTest" name="test_unknown_target_does_not_change_loss" time="0.001" /><testcase classname="tests.unit.test_mask_only" name="test_mask_only_api_can_receive_only_availability" time="0.001" /><testcase classname="tests.unit.test_mask_only" name="test_within_user_permutation_is_reproducible_and_preserves_each_multiset" time="0.001" /><testcase classname="tests.unit.test_mask_only" name="test_mask_only_training_uses_masked_targets_and_is_reproducible" time="0.017" /><testcase classname="tests.unit.test_phase3.Phase3FusionTest" name="test_masked_softmax_exact_contract" time="0.002" /><testcase classname="tests.unit.test_phase3.Phase3FusionTest" name="test_models_return_weights_and_optional_reliability" time="0.017" /><testcase classname="tests.unit.test_phase3.CorruptionRegistryTest" name="test_auxiliary_losses" time="0.001" /><testcase classname="tests.unit.test_phase3.CorruptionRegistryTest" name="test_clean_missing_and_noise_scenarios" time="0.008" /><testcase classname="tests.unit.test_phase3.CorruptionRegistryTest" name="test_controlled_corruption_targets_fixed_modalities" time="0.006" /><testcase classname="tests.unit.test_phase3.CorruptionRegistryTest" name="test_phase4_scenario_matrix_is_frozen_and_unique" time="0.002" /><testcase classname="tests.unit.test_phase3.CorruptionRegistryTest" name="test_seed_reproduces_masks_noise_and_metadata" time="0.009" /><testcase classname="tests.unit.test_phase4_report" name="test_aggregate_preserves_missing_metrics_instead_of_zero" time="0.004" /><testcase classname="tests.unit.test_phase4_report" name="test_completeness_check_rejects_missing_run" time="0.003" /><testcase classname="tests.unit.test_phase5" name="test_ablation_architectures_and_training_policies_are_isolated" time="0.016" /><testcase classname="tests.unit.test_phase5" name="test_checked_in_phase5_matrix_is_internally_consistent" time="0.005" /><testcase classname="tests.unit.test_phase5" name="test_registry_recovers_interruption_and_rejects_protocol_change" time="0.022" /><testcase classname="tests.unit.test_preprocessing" name="test_preprocessor_uses_train_statistics_and_handles_constant_columns" time="0.008" /><testcase classname="tests.unit.test_reproducibility.ReproducibilityTest" name="test_stable_seed_is_repeatable_and_keyed" time="0.001" /><testcase classname="tests.unit.test_splits.UserSplitTest" name="test_overlap_is_rejected" time="0.001" /><testcase classname="tests.unit.test_splits.UserSplitTest" name="test_users_are_disjoint_and_complete" time="0.001" /><testcase classname="tests.unit.test_thresholds" name="test_threshold_tuning_is_validation_only_and_masks_unknowns" time="0.001" /><testcase classname="tests.unit.test_thresholds" name="test_mean_label_prevalence_ignores_unknown_targets" time="0.001" /><testcase classname="tests.unit.test_torch_baselines" name="test_late_fusion_masks_unavailable_modalities" time="0.007" /><testcase classname="tests.unit.test_torch_baselines" name="test_single_sensor_exposes_valid_sample_mask" time="0.002" /><testcase classname="tests.unit.test_torch_baselines" name="test_eval_inference_is_repeatable_for_same_batch" time="0.003" /><testcase classname="tests.unit.test_torch_losses" name="test_unknown_target_has_zero_gradient" time="0.002" /><testcase classname="tests.unit.test_v2_aggregate" name="test_mask_aggregation_reports_required_views_and_preserves_empty_group_nan" time="0.002" /><testcase classname="tests.unit.test_v2_aggregate" name="test_shared_scenario_sample_contract_rejects_model_hash_drift" time="0.001" /><testcase classname="tests.unit.test_v2_artifacts" name="test_stable_csv_is_byte_reproducible_and_serializes_nan_explicitly" time="0.005" /><testcase classname="tests.unit.test_v2_artifacts" name="test_artifact_lineage_requires_and_sorts_source_run_ids" time="0.005" /><testcase classname="tests.unit.test_v2_demo" name="test_v2_demo_context_fails_closed_without_frozen_plan" time="0.003" /><testcase classname="tests.unit.test_v2_demo" name="test_v2_demo_rejects_unknown_model_before_loading_registry" time="0.003" /><testcase classname="tests.unit.test_v2_demo" name="test_v2_demo_requires_real_run_artifacts" time="0.003" /><testcase classname="tests.unit.test_v2_metrics" name="test_calibration_preserves_empty_bins_as_nan_and_run_lineage" time="0.001" /><testcase classname="tests.unit.test_v2_metrics" name="test_fault_detection_returns_nan_when_auroc_is_undefined" time="0.004" /><testcase classname="tests.unit.test_v2_metrics" name="test_risk_coverage_uses_stable_reliability_order_and_preserves_unknowns" time="0.003" /><testcase classname="tests.unit.test_v2_metrics" name="test_persistent_response_reports_detection_and_missing_recovery_as_nan" time="0.001" /><testcase classname="tests.unit.test_v2_metrics" name="test_persistent_classification_keeps_an_empty_phase_as_nan" time="0.001" /><testcase classname="tests.unit.test_v2_metrics" name="test_paired_bootstrap_is_user_level_paired_and_reproducible" time="0.222" /><testcase classname="tests.unit.test_v2_p2" name="test_p2_output_contract_and_inference_needs_no_fault_metadata" time="0.012" /><testcase classname="tests.unit.test_v2_p2" name="test_reliability_constraint_is_monotonic_for_fixed_utility" time="0.002" /><testcase classname="tests.unit.test_v2_p2" name="test_ranking_loss_and_system_reliability_match_hand_calculation" time="0.002" /><testcase classname="tests.unit.test_v2_p2" name="test_abstention_threshold_is_validation_only_and_meets_coverage" time="0.001" /><testcase classname="tests.unit.test_v2_p2" name="test_p2_abstention_and_checkpoint_reload_are_deterministic" time="0.048" /><testcase classname="tests.unit.test_v2_p2" name="test_p2_rejects_all_unavailable_modalities" time="0.008" /><testcase classname="tests.unit.test_v2_phase0" name="test_v2_manifest_digest_is_order_independent" time="0.008" /><testcase classname="tests.unit.test_v2_phase0" name="test_v2_manifest_verification_detects_changed_file" time="0.012" /><testcase classname="tests.unit.test_v2_phase3_governance" name="test_v2_phase3_plan_has_25_isolated_units_and_registry" time="0.010" /><testcase classname="tests.unit.test_v2_phase3_governance" name="test_v2_4_selection_reads_validation_only_and_uses_frozen_ranking" time="0.051" /><testcase classname="tests.unit.test_v2_phase3_models" name="test_phase_v2_3_complete_variant_is_exactly_v2_1_p2" time="0.019" /><testcase classname="tests.unit.test_v2_phase3_models" name="test_a1_weights_are_utility_only_even_when_quality_changes" time="0.014" /><testcase classname="tests.unit.test_v2_phase3_models" name="test_a3_reliability_cannot_read_quality_and_a4_rejects_abstention" time="0.018" /><testcase classname="tests.unit.test_v2_phase4_governance" name="test_v2_phase4_plan_has_60_units_and_exactly_20_reused" time="0.017" /><testcase classname="tests.unit.test_v2_phase4_governance" name="test_v2_phase4_aggregation_averages_seeds_inside_each_fold" time="0.121" /><testcase classname="tests.unit.test_v2_phase4_governance" name="test_v2_phase4_bootstrap_pairs_users_and_preserves_aggregation_order" time="0.394" /><testcase classname="tests.unit.test_v2_scenarios" name="test_exhaustive_mask_contract_is_complete_unique_and_byte_stable" time="0.003" /><testcase classname="tests.unit.test_v2_scenarios" name="test_mixed_failure_matrix_and_application_are_deterministic_and_disjoint" time="0.011" /><testcase classname="tests.unit.test_v2_scenarios" name="test_persistent_episodes_respect_users_gaps_and_report_exclusions" time="0.001" /><testcase classname="tests.unit.test_v2_scenarios" name="test_scenario_sample_hash_is_data_based_not_model_based" time="0.001" /><testcase classname="tests.unit.test_vectorized_corruption" name="test_vectorized_training_corruption_is_exactly_equal[gaussian]" time="0.021" /><testcase classname="tests.unit.test_vectorized_corruption" name="test_vectorized_training_corruption_is_exactly_equal[bias]" time="0.019" /><testcase classname="tests.unit.test_vectorized_corruption" name="test_vectorized_training_corruption_is_exactly_equal[scale]" time="0.019" /></testsuite></testsuites>